d:\vs\my_windows_server\my_windows_server\x64\release\qrc_my_windows_server.obj
d:\vs\my_windows_server\my_windows_server\x64\release\my_windows_server.obj
d:\vs\my_windows_server\my_windows_server\x64\release\mywindowsservice.obj
d:\vs\my_windows_server\my_windows_server\x64\release\main.obj
d:\vs\my_windows_server\my_windows_server\x64\release\moc_my_windows_server.obj
d:\vs\my_windows_server\my_windows_server\x64\release\my_obs_guard.obj
d:\vs\my_windows_server\my_windows_server\x64\release\moc_my_obs_guard.obj
d:\vs\my_windows_server\my_windows_server\generatedfiles\release\moc_my_windows_server.cpp
d:\vs\my_windows_server\my_windows_server\generatedfiles\ui_my_windows_server.h
d:\vs\my_windows_server\my_windows_server\generatedfiles\qrc_my_windows_server.cpp
d:\vs\my_windows_server\my_windows_server\generatedfiles\release\moc_my_obs_guard.cpp
d:\vs\my_windows_server\x64\release\my_windows_server.exe
d:\vs\my_windows_server\my_windows_server\x64\release\my_windows_server.res
d:\vs\my_windows_server\my_windows_server\x64\release\my_windo.b12702ad.tlog\cl.command.1.tlog
d:\vs\my_windows_server\my_windows_server\x64\release\my_windo.b12702ad.tlog\cl.read.1.tlog
d:\vs\my_windows_server\my_windows_server\x64\release\my_windo.b12702ad.tlog\cl.write.1.tlog
d:\vs\my_windows_server\my_windows_server\x64\release\my_windo.b12702ad.tlog\custombuild.command.1.tlog
d:\vs\my_windows_server\my_windows_server\x64\release\my_windo.b12702ad.tlog\custombuild.read.1.tlog
d:\vs\my_windows_server\my_windows_server\x64\release\my_windo.b12702ad.tlog\custombuild.write.1.tlog
d:\vs\my_windows_server\my_windows_server\x64\release\my_windo.b12702ad.tlog\link.command.1.tlog
d:\vs\my_windows_server\my_windows_server\x64\release\my_windo.b12702ad.tlog\link.read.1.tlog
d:\vs\my_windows_server\my_windows_server\x64\release\my_windo.b12702ad.tlog\link.write.1.tlog
d:\vs\my_windows_server\my_windows_server\x64\release\my_windo.b12702ad.tlog\rc.command.1.tlog
d:\vs\my_windows_server\my_windows_server\x64\release\my_windo.b12702ad.tlog\rc.read.1.tlog
d:\vs\my_windows_server\my_windows_server\x64\release\my_windo.b12702ad.tlog\rc.write.1.tlog
